[2023-03-17 17:48:50] [INFO] [test_student_manger2.py]/[line: 57]/[test_add] 添加的学生姓名为郗辰政 
[2023-03-17 17:48:50] [INFO] [test_student_manger2.py]/[line: 58]/[test_add] 添加的学生成绩为80 
[2023-03-17 17:48:50] [INFO] [test_student_manger2.py]/[line: 57]/[test_add] 添加的学生姓名为王泽林 
[2023-03-17 17:48:50] [INFO] [test_student_manger2.py]/[line: 58]/[test_add] 添加的学生成绩为100 
[2023-03-17 17:48:50] [INFO] [test_student_manger2.py]/[line: 57]/[test_add] 添加的学生姓名为耿世杰 
[2023-03-17 17:48:50] [INFO] [test_student_manger2.py]/[line: 58]/[test_add] 添加的学生成绩为90 
[2023-03-17 17:48:50] [INFO] [test_student_manger2.py]/[line: 57]/[test_add] 添加的学生姓名为王实瑞 
[2023-03-17 17:48:50] [INFO] [test_student_manger2.py]/[line: 58]/[test_add] 添加的学生成绩为99 
[2023-03-17 17:50:14] [INFO] [test_student_manger2.py]/[line: 57]/[test_add] 添加的学生姓名为郗辰政 
[2023-03-17 17:50:14] [INFO] [test_student_manger2.py]/[line: 58]/[test_add] 添加的学生成绩为80 
[2023-03-17 17:50:14] [INFO] [test_student_manger2.py]/[line: 57]/[test_add] 添加的学生姓名为王泽林 
[2023-03-17 17:50:14] [INFO] [test_student_manger2.py]/[line: 58]/[test_add] 添加的学生成绩为100 
[2023-03-17 17:50:14] [INFO] [test_student_manger2.py]/[line: 57]/[test_add] 添加的学生姓名为耿世杰 
[2023-03-17 17:50:14] [INFO] [test_student_manger2.py]/[line: 58]/[test_add] 添加的学生成绩为90 
[2023-03-17 17:50:14] [INFO] [test_student_manger2.py]/[line: 57]/[test_add] 添加的学生姓名为王实瑞 
[2023-03-17 17:50:14] [INFO] [test_student_manger2.py]/[line: 58]/[test_add] 添加的学生成绩为99 
[2023-03-17 19:26:51] [INFO] [test_caculator.py]/[line: 51]/[test_add] 两数相加结果为30 
[2023-03-17 19:26:51] [INFO] [test_caculator.py]/[line: 51]/[test_add] 两数相加结果为15 
[2023-03-17 19:26:51] [INFO] [test_caculator.py]/[line: 51]/[test_add] 两数相加结果为35 
[2023-03-17 19:26:51] [INFO] [test_caculator.py]/[line: 51]/[test_add] 两数相加结果为-0.1 
[2023-03-17 19:40:44] [INFO] [test_caculator.py]/[line: 52]/[test_add] 两数相加结果为30 
[2023-03-17 19:40:44] [INFO] [test_caculator.py]/[line: 52]/[test_add] 两数相加结果为15 
[2023-03-17 19:40:44] [INFO] [test_caculator.py]/[line: 52]/[test_add] 两数相加结果为35 
[2023-03-17 19:40:44] [INFO] [test_caculator.py]/[line: 52]/[test_add] 两数相加结果为-0.1 
[2023-03-17 19:40:44] [INFO] [test_caculator.py]/[line: 70]/[test_sub] 两数相减结果为2 
[2023-03-17 19:40:44] [INFO] [test_caculator.py]/[line: 70]/[test_sub] 两数相减结果为-1 
[2023-03-17 19:40:44] [INFO] [test_caculator.py]/[line: 70]/[test_sub] 两数相减结果为10 
[2023-03-17 19:40:44] [INFO] [test_caculator.py]/[line: 70]/[test_sub] 两数相减结果为-2.1 
[2023-03-17 19:40:44] [INFO] [test_caculator.py]/[line: 87]/[test_mul] 两数相乘结果为6 
[2023-03-17 19:40:44] [INFO] [test_caculator.py]/[line: 87]/[test_mul] 两数相乘结果为0 
[2023-03-17 19:40:44] [INFO] [test_caculator.py]/[line: 87]/[test_mul] 两数相乘结果为-2 
[2023-03-17 19:40:44] [INFO] [test_caculator.py]/[line: 87]/[test_mul] 两数相乘结果为-1.1 
[2023-03-17 19:40:44] [INFO] [test_caculator.py]/[line: 104]/[test_div] 两数相除结果为0.5 
[2023-03-17 19:40:44] [INFO] [test_caculator.py]/[line: 104]/[test_div] 两数相除结果为2 
[2023-03-17 19:40:44] [INFO] [test_caculator.py]/[line: 104]/[test_div] 两数相除结果为-1 
[2023-03-17 19:40:44] [INFO] [test_caculator.py]/[line: 104]/[test_div] 两数相除结果为-1.1 
[2023-03-17 19:42:28] [INFO] [test_caculator.py]/[line: 49]/[test_add] 两数相加结果为30 
[2023-03-17 19:42:28] [INFO] [test_caculator.py]/[line: 49]/[test_add] 两数相加结果为15 
[2023-03-17 19:42:28] [INFO] [test_caculator.py]/[line: 49]/[test_add] 两数相加结果为35 
[2023-03-17 19:42:28] [INFO] [test_caculator.py]/[line: 49]/[test_add] 两数相加结果为-0.1 
[2023-03-17 19:42:28] [INFO] [test_caculator.py]/[line: 67]/[test_sub] 两数相减结果为2 
[2023-03-17 19:42:28] [INFO] [test_caculator.py]/[line: 67]/[test_sub] 两数相减结果为-1 
[2023-03-17 19:42:28] [INFO] [test_caculator.py]/[line: 67]/[test_sub] 两数相减结果为10 
[2023-03-17 19:42:28] [INFO] [test_caculator.py]/[line: 67]/[test_sub] 两数相减结果为-2.1 
[2023-03-17 19:42:28] [INFO] [test_caculator.py]/[line: 84]/[test_mul] 两数相乘结果为6 
[2023-03-17 19:42:28] [INFO] [test_caculator.py]/[line: 84]/[test_mul] 两数相乘结果为0 
[2023-03-17 19:42:28] [INFO] [test_caculator.py]/[line: 84]/[test_mul] 两数相乘结果为-2 
[2023-03-17 19:42:28] [INFO] [test_caculator.py]/[line: 84]/[test_mul] 两数相乘结果为-1.1 
[2023-03-17 19:42:28] [INFO] [test_caculator.py]/[line: 101]/[test_div] 两数相除结果为0.5 
[2023-03-17 19:42:28] [INFO] [test_caculator.py]/[line: 101]/[test_div] 两数相除结果为2 
[2023-03-17 19:42:28] [INFO] [test_caculator.py]/[line: 101]/[test_div] 两数相除结果为-1 
[2023-03-17 19:42:28] [INFO] [test_caculator.py]/[line: 101]/[test_div] 两数相除结果为-1.1 
[2023-03-20 08:50:24] [INFO] [test_caculator.py]/[line: 49]/[test_add] 两数相加结果为30 
[2023-03-20 08:50:24] [INFO] [test_caculator.py]/[line: 49]/[test_add] 两数相加结果为15 
[2023-03-20 08:50:24] [INFO] [test_caculator.py]/[line: 49]/[test_add] 两数相加结果为35 
[2023-03-20 08:50:24] [INFO] [test_caculator.py]/[line: 49]/[test_add] 两数相加结果为-0.1 
[2023-03-20 08:50:24] [INFO] [test_caculator.py]/[line: 67]/[test_sub] 两数相减结果为2 
[2023-03-20 08:50:24] [INFO] [test_caculator.py]/[line: 67]/[test_sub] 两数相减结果为-1 
[2023-03-20 08:50:24] [INFO] [test_caculator.py]/[line: 67]/[test_sub] 两数相减结果为10 
[2023-03-20 08:50:24] [INFO] [test_caculator.py]/[line: 67]/[test_sub] 两数相减结果为-2.1 
[2023-03-20 08:50:24] [INFO] [test_caculator.py]/[line: 84]/[test_mul] 两数相乘结果为6 
[2023-03-20 08:50:24] [INFO] [test_caculator.py]/[line: 84]/[test_mul] 两数相乘结果为0 
[2023-03-20 08:50:24] [INFO] [test_caculator.py]/[line: 84]/[test_mul] 两数相乘结果为-2 
[2023-03-20 08:50:24] [INFO] [test_caculator.py]/[line: 84]/[test_mul] 两数相乘结果为-1.1 
[2023-03-20 08:50:24] [INFO] [test_caculator.py]/[line: 101]/[test_div] 两数相除结果为0.5 
[2023-03-20 08:50:24] [INFO] [test_caculator.py]/[line: 101]/[test_div] 两数相除结果为2 
[2023-03-20 08:50:24] [INFO] [test_caculator.py]/[line: 101]/[test_div] 两数相除结果为-1 
[2023-03-20 08:50:24] [INFO] [test_caculator.py]/[line: 101]/[test_div] 两数相除结果为-1.1 
[2023-03-20 08:50:25] [INFO] [test_student_manger2.py]/[line: 57]/[test_add] 添加的学生姓名为郗辰政 
[2023-03-20 08:50:25] [INFO] [test_student_manger2.py]/[line: 58]/[test_add] 添加的学生成绩为80 
[2023-03-20 08:50:25] [INFO] [test_student_manger2.py]/[line: 57]/[test_add] 添加的学生姓名为王泽林 
[2023-03-20 08:50:25] [INFO] [test_student_manger2.py]/[line: 58]/[test_add] 添加的学生成绩为100 
[2023-03-20 08:50:25] [INFO] [test_student_manger2.py]/[line: 57]/[test_add] 添加的学生姓名为耿世杰 
[2023-03-20 08:50:25] [INFO] [test_student_manger2.py]/[line: 58]/[test_add] 添加的学生成绩为90 
[2023-03-20 08:50:25] [INFO] [test_student_manger2.py]/[line: 57]/[test_add] 添加的学生姓名为王实瑞 
[2023-03-20 08:50:25] [INFO] [test_student_manger2.py]/[line: 58]/[test_add] 添加的学生成绩为99 
[2023-03-20 08:50:59] [INFO] [test_caculator.py]/[line: 49]/[test_add] 两数相加结果为30 
[2023-03-20 08:50:59] [INFO] [test_caculator.py]/[line: 49]/[test_add] 两数相加结果为15 
[2023-03-20 08:50:59] [INFO] [test_caculator.py]/[line: 49]/[test_add] 两数相加结果为35 
[2023-03-20 08:50:59] [INFO] [test_caculator.py]/[line: 49]/[test_add] 两数相加结果为-0.1 
[2023-03-20 08:50:59] [INFO] [test_caculator.py]/[line: 67]/[test_sub] 两数相减结果为2 
[2023-03-20 08:50:59] [INFO] [test_caculator.py]/[line: 67]/[test_sub] 两数相减结果为-1 
[2023-03-20 08:50:59] [INFO] [test_caculator.py]/[line: 67]/[test_sub] 两数相减结果为10 
[2023-03-20 08:50:59] [INFO] [test_caculator.py]/[line: 67]/[test_sub] 两数相减结果为-2.1 
[2023-03-20 08:50:59] [INFO] [test_caculator.py]/[line: 84]/[test_mul] 两数相乘结果为6 
[2023-03-20 08:50:59] [INFO] [test_caculator.py]/[line: 84]/[test_mul] 两数相乘结果为0 
[2023-03-20 08:50:59] [INFO] [test_caculator.py]/[line: 84]/[test_mul] 两数相乘结果为-2 
[2023-03-20 08:50:59] [INFO] [test_caculator.py]/[line: 84]/[test_mul] 两数相乘结果为-1.1 
[2023-03-20 08:50:59] [INFO] [test_caculator.py]/[line: 101]/[test_div] 两数相除结果为0.5 
[2023-03-20 08:50:59] [INFO] [test_caculator.py]/[line: 101]/[test_div] 两数相除结果为2 
[2023-03-20 08:50:59] [INFO] [test_caculator.py]/[line: 101]/[test_div] 两数相除结果为-1 
[2023-03-20 08:50:59] [INFO] [test_caculator.py]/[line: 101]/[test_div] 两数相除结果为-1.1 
[2023-03-20 08:51:12] [INFO] [test_caculator.py]/[line: 49]/[test_add] 两数相加结果为30 
[2023-03-20 08:51:12] [INFO] [test_caculator.py]/[line: 49]/[test_add] 两数相加结果为15 
[2023-03-20 08:51:12] [INFO] [test_caculator.py]/[line: 49]/[test_add] 两数相加结果为35 
[2023-03-20 08:51:12] [INFO] [test_caculator.py]/[line: 49]/[test_add] 两数相加结果为-0.1 
[2023-03-20 08:51:12] [INFO] [test_caculator.py]/[line: 67]/[test_sub] 两数相减结果为2 
[2023-03-20 08:51:12] [INFO] [test_caculator.py]/[line: 67]/[test_sub] 两数相减结果为-1 
[2023-03-20 08:51:12] [INFO] [test_caculator.py]/[line: 67]/[test_sub] 两数相减结果为10 
[2023-03-20 08:51:12] [INFO] [test_caculator.py]/[line: 67]/[test_sub] 两数相减结果为-2.1 
[2023-03-20 08:51:12] [INFO] [test_caculator.py]/[line: 84]/[test_mul] 两数相乘结果为6 
[2023-03-20 08:51:12] [INFO] [test_caculator.py]/[line: 84]/[test_mul] 两数相乘结果为0 
[2023-03-20 08:51:12] [INFO] [test_caculator.py]/[line: 84]/[test_mul] 两数相乘结果为-2 
[2023-03-20 08:51:12] [INFO] [test_caculator.py]/[line: 84]/[test_mul] 两数相乘结果为-1.1 
[2023-03-20 08:51:12] [INFO] [test_caculator.py]/[line: 101]/[test_div] 两数相除结果为0.5 
[2023-03-20 08:51:12] [INFO] [test_caculator.py]/[line: 101]/[test_div] 两数相除结果为2 
[2023-03-20 08:51:12] [INFO] [test_caculator.py]/[line: 101]/[test_div] 两数相除结果为-1 
[2023-03-20 08:51:12] [INFO] [test_caculator.py]/[line: 101]/[test_div] 两数相除结果为-1.1 
[2023-03-20 08:51:12] [INFO] [test_student_manger2.py]/[line: 57]/[test_add] 添加的学生姓名为郗辰政 
[2023-03-20 08:51:12] [INFO] [test_student_manger2.py]/[line: 58]/[test_add] 添加的学生成绩为80 
[2023-03-20 08:51:12] [INFO] [test_student_manger2.py]/[line: 57]/[test_add] 添加的学生姓名为王泽林 
[2023-03-20 08:51:12] [INFO] [test_student_manger2.py]/[line: 58]/[test_add] 添加的学生成绩为100 
[2023-03-20 08:51:12] [INFO] [test_student_manger2.py]/[line: 57]/[test_add] 添加的学生姓名为耿世杰 
[2023-03-20 08:51:12] [INFO] [test_student_manger2.py]/[line: 58]/[test_add] 添加的学生成绩为90 
[2023-03-20 08:51:12] [INFO] [test_student_manger2.py]/[line: 57]/[test_add] 添加的学生姓名为王实瑞 
[2023-03-20 08:51:12] [INFO] [test_student_manger2.py]/[line: 58]/[test_add] 添加的学生成绩为99 
[2023-03-20 08:52:03] [INFO] [test_caculator.py]/[line: 49]/[test_add] 两数相加结果为30 
[2023-03-20 08:52:03] [INFO] [test_caculator.py]/[line: 49]/[test_add] 两数相加结果为15 
[2023-03-20 08:52:03] [INFO] [test_caculator.py]/[line: 49]/[test_add] 两数相加结果为35 
[2023-03-20 08:52:03] [INFO] [test_caculator.py]/[line: 49]/[test_add] 两数相加结果为-0.1 
[2023-03-20 08:52:03] [INFO] [test_caculator.py]/[line: 67]/[test_sub] 两数相减结果为2 
[2023-03-20 08:52:03] [INFO] [test_caculator.py]/[line: 67]/[test_sub] 两数相减结果为-1 
[2023-03-20 08:52:03] [INFO] [test_caculator.py]/[line: 67]/[test_sub] 两数相减结果为10 
[2023-03-20 08:52:03] [INFO] [test_caculator.py]/[line: 67]/[test_sub] 两数相减结果为-2.1 
[2023-03-20 08:52:03] [INFO] [test_caculator.py]/[line: 84]/[test_mul] 两数相乘结果为6 
[2023-03-20 08:52:03] [INFO] [test_caculator.py]/[line: 84]/[test_mul] 两数相乘结果为0 
[2023-03-20 08:52:03] [INFO] [test_caculator.py]/[line: 84]/[test_mul] 两数相乘结果为-2 
[2023-03-20 08:52:03] [INFO] [test_caculator.py]/[line: 84]/[test_mul] 两数相乘结果为-1.1 
[2023-03-20 08:52:03] [INFO] [test_caculator.py]/[line: 101]/[test_div] 两数相除结果为0.5 
[2023-03-20 08:52:03] [INFO] [test_caculator.py]/[line: 101]/[test_div] 两数相除结果为2 
[2023-03-20 08:52:03] [INFO] [test_caculator.py]/[line: 101]/[test_div] 两数相除结果为-1 
[2023-03-20 08:52:03] [INFO] [test_caculator.py]/[line: 101]/[test_div] 两数相除结果为-1.1 
[2023-03-20 08:56:06] [INFO] [test_caculator.py]/[line: 49]/[test_add] 两数相加结果为30 
[2023-03-20 08:56:06] [INFO] [test_caculator.py]/[line: 49]/[test_add] 两数相加结果为15 
[2023-03-20 08:56:06] [INFO] [test_caculator.py]/[line: 49]/[test_add] 两数相加结果为35 
[2023-03-20 08:56:06] [INFO] [test_caculator.py]/[line: 49]/[test_add] 两数相加结果为-0.1 
[2023-03-20 08:56:06] [INFO] [test_caculator.py]/[line: 67]/[test_sub] 两数相减结果为2 
[2023-03-20 08:56:06] [INFO] [test_caculator.py]/[line: 67]/[test_sub] 两数相减结果为-1 
[2023-03-20 08:56:06] [INFO] [test_caculator.py]/[line: 67]/[test_sub] 两数相减结果为10 
[2023-03-20 08:56:06] [INFO] [test_caculator.py]/[line: 67]/[test_sub] 两数相减结果为-2.1 
[2023-03-20 08:56:06] [INFO] [test_caculator.py]/[line: 84]/[test_mul] 两数相乘结果为6 
[2023-03-20 08:56:06] [INFO] [test_caculator.py]/[line: 84]/[test_mul] 两数相乘结果为0 
[2023-03-20 08:56:06] [INFO] [test_caculator.py]/[line: 84]/[test_mul] 两数相乘结果为-2 
[2023-03-20 08:56:06] [INFO] [test_caculator.py]/[line: 84]/[test_mul] 两数相乘结果为-1.1 
[2023-03-20 08:56:06] [INFO] [test_caculator.py]/[line: 101]/[test_div] 两数相除结果为0.5 
[2023-03-20 08:56:06] [INFO] [test_caculator.py]/[line: 101]/[test_div] 两数相除结果为2 
[2023-03-20 08:56:06] [INFO] [test_caculator.py]/[line: 101]/[test_div] 两数相除结果为-1 
[2023-03-20 08:56:06] [INFO] [test_caculator.py]/[line: 101]/[test_div] 两数相除结果为-1.1 
[2023-03-20 08:57:00] [INFO] [test_caculator.py]/[line: 49]/[test_add] 两数相加结果为30 
[2023-03-20 08:57:00] [INFO] [test_caculator.py]/[line: 49]/[test_add] 两数相加结果为15 
[2023-03-20 08:57:00] [INFO] [test_caculator.py]/[line: 49]/[test_add] 两数相加结果为35 
[2023-03-20 08:57:00] [INFO] [test_caculator.py]/[line: 49]/[test_add] 两数相加结果为-0.1 
[2023-03-20 08:57:00] [INFO] [test_caculator.py]/[line: 67]/[test_sub] 两数相减结果为2 
[2023-03-20 08:57:00] [INFO] [test_caculator.py]/[line: 67]/[test_sub] 两数相减结果为-1 
[2023-03-20 08:57:00] [INFO] [test_caculator.py]/[line: 67]/[test_sub] 两数相减结果为10 
[2023-03-20 08:57:00] [INFO] [test_caculator.py]/[line: 67]/[test_sub] 两数相减结果为-2.1 
[2023-03-20 08:57:00] [INFO] [test_caculator.py]/[line: 84]/[test_mul] 两数相乘结果为6 
[2023-03-20 08:57:00] [INFO] [test_caculator.py]/[line: 84]/[test_mul] 两数相乘结果为0 
[2023-03-20 08:57:00] [INFO] [test_caculator.py]/[line: 84]/[test_mul] 两数相乘结果为-2 
[2023-03-20 08:57:00] [INFO] [test_caculator.py]/[line: 84]/[test_mul] 两数相乘结果为-1.1 
[2023-03-20 08:57:00] [INFO] [test_caculator.py]/[line: 101]/[test_div] 两数相除结果为0.5 
[2023-03-20 08:57:00] [INFO] [test_caculator.py]/[line: 101]/[test_div] 两数相除结果为2 
[2023-03-20 08:57:00] [INFO] [test_caculator.py]/[line: 101]/[test_div] 两数相除结果为-1 
[2023-03-20 08:57:00] [INFO] [test_caculator.py]/[line: 101]/[test_div] 两数相除结果为-1.1 
[2023-03-20 09:04:32] [INFO] [test_caculator.py]/[line: 49]/[test_add] 两数相加结果为30 
[2023-03-20 09:04:32] [INFO] [test_caculator.py]/[line: 49]/[test_add] 两数相加结果为15 
[2023-03-20 09:04:32] [INFO] [test_caculator.py]/[line: 49]/[test_add] 两数相加结果为35 
[2023-03-20 09:04:32] [INFO] [test_caculator.py]/[line: 49]/[test_add] 两数相加结果为-0.1 
[2023-03-20 09:04:32] [INFO] [test_caculator.py]/[line: 67]/[test_sub] 两数相减结果为2 
[2023-03-20 09:04:32] [INFO] [test_caculator.py]/[line: 67]/[test_sub] 两数相减结果为-1 
[2023-03-20 09:04:32] [INFO] [test_caculator.py]/[line: 67]/[test_sub] 两数相减结果为10 
[2023-03-20 09:04:32] [INFO] [test_caculator.py]/[line: 67]/[test_sub] 两数相减结果为-2.1 
[2023-03-20 09:04:32] [INFO] [test_caculator.py]/[line: 84]/[test_mul] 两数相乘结果为6 
[2023-03-20 09:04:32] [INFO] [test_caculator.py]/[line: 84]/[test_mul] 两数相乘结果为0 
[2023-03-20 09:04:32] [INFO] [test_caculator.py]/[line: 84]/[test_mul] 两数相乘结果为-2 
[2023-03-20 09:04:32] [INFO] [test_caculator.py]/[line: 84]/[test_mul] 两数相乘结果为-1.1 
[2023-03-20 09:04:32] [INFO] [test_caculator.py]/[line: 101]/[test_div] 两数相除结果为0.5 
[2023-03-20 09:04:32] [INFO] [test_caculator.py]/[line: 101]/[test_div] 两数相除结果为2 
[2023-03-20 09:04:32] [INFO] [test_caculator.py]/[line: 101]/[test_div] 两数相除结果为-1 
[2023-03-20 09:04:32] [INFO] [test_caculator.py]/[line: 101]/[test_div] 两数相除结果为-1.1 
[2023-03-20 09:11:59] [INFO] [test_caculator.py]/[line: 49]/[test_add] 两数相加结果为30 
[2023-03-20 09:11:59] [INFO] [test_caculator.py]/[line: 49]/[test_add] 两数相加结果为15 
[2023-03-20 09:11:59] [INFO] [test_caculator.py]/[line: 49]/[test_add] 两数相加结果为35 
[2023-03-20 09:11:59] [INFO] [test_caculator.py]/[line: 49]/[test_add] 两数相加结果为-0.1 
[2023-03-20 09:11:59] [INFO] [test_caculator.py]/[line: 67]/[test_sub] 两数相减结果为2 
[2023-03-20 09:11:59] [INFO] [test_caculator.py]/[line: 67]/[test_sub] 两数相减结果为-1 
[2023-03-20 09:11:59] [INFO] [test_caculator.py]/[line: 67]/[test_sub] 两数相减结果为10 
[2023-03-20 09:11:59] [INFO] [test_caculator.py]/[line: 67]/[test_sub] 两数相减结果为-2.1 
[2023-03-20 09:11:59] [INFO] [test_caculator.py]/[line: 84]/[test_mul] 两数相乘结果为6 
[2023-03-20 09:11:59] [INFO] [test_caculator.py]/[line: 84]/[test_mul] 两数相乘结果为0 
[2023-03-20 09:11:59] [INFO] [test_caculator.py]/[line: 84]/[test_mul] 两数相乘结果为-2 
[2023-03-20 09:11:59] [INFO] [test_caculator.py]/[line: 84]/[test_mul] 两数相乘结果为-1.1 
[2023-03-20 09:11:59] [INFO] [test_caculator.py]/[line: 101]/[test_div] 两数相除结果为0.5 
[2023-03-20 09:11:59] [INFO] [test_caculator.py]/[line: 101]/[test_div] 两数相除结果为2 
[2023-03-20 09:11:59] [INFO] [test_caculator.py]/[line: 101]/[test_div] 两数相除结果为-1 
[2023-03-20 09:11:59] [INFO] [test_caculator.py]/[line: 101]/[test_div] 两数相除结果为-1.1 
[2023-03-20 09:14:40] [INFO] [test_caculator.py]/[line: 49]/[test_add] 两数相加结果为30 
[2023-03-20 09:14:40] [INFO] [test_caculator.py]/[line: 49]/[test_add] 两数相加结果为15 
[2023-03-20 09:14:40] [INFO] [test_caculator.py]/[line: 49]/[test_add] 两数相加结果为35 
[2023-03-20 09:14:40] [INFO] [test_caculator.py]/[line: 49]/[test_add] 两数相加结果为-0.1 
[2023-03-20 09:14:40] [INFO] [test_caculator.py]/[line: 67]/[test_sub] 两数相减结果为2 
[2023-03-20 09:14:40] [INFO] [test_caculator.py]/[line: 67]/[test_sub] 两数相减结果为-1 
[2023-03-20 09:14:40] [INFO] [test_caculator.py]/[line: 67]/[test_sub] 两数相减结果为10 
[2023-03-20 09:14:40] [INFO] [test_caculator.py]/[line: 67]/[test_sub] 两数相减结果为-2.1 
[2023-03-20 09:14:40] [INFO] [test_caculator.py]/[line: 84]/[test_mul] 两数相乘结果为6 
[2023-03-20 09:14:40] [INFO] [test_caculator.py]/[line: 84]/[test_mul] 两数相乘结果为0 
[2023-03-20 09:14:40] [INFO] [test_caculator.py]/[line: 84]/[test_mul] 两数相乘结果为-2 
[2023-03-20 09:14:40] [INFO] [test_caculator.py]/[line: 84]/[test_mul] 两数相乘结果为-1.1 
[2023-03-20 09:14:40] [INFO] [test_caculator.py]/[line: 101]/[test_div] 两数相除结果为0.5 
[2023-03-20 09:14:40] [INFO] [test_caculator.py]/[line: 101]/[test_div] 两数相除结果为2 
[2023-03-20 09:14:40] [INFO] [test_caculator.py]/[line: 101]/[test_div] 两数相除结果为-1 
[2023-03-20 09:14:40] [INFO] [test_caculator.py]/[line: 101]/[test_div] 两数相除结果为-1.1 
